# JRE version: OpenJDK Runtime Environment (17.0.11) (build 17.0.11+0--11852314)
# Java VM: OpenJDK 64-Bit Server VM (17.0.11+0--11852314, mixed mode, tiered, compressed oops, compressed class ptrs, g1 gc, windows-amd64)
GC Precious Log:
 CPUs: 16 total, 16 available
 Memory: 14020M
 Large Page Support: Disabled
 NUMA Support: Disabled
 Compressed Oops: Enabled (32-bit)
 Heap Region Size: 1M
 Heap Min Capacity: 8M
 Heap Initial Capacity: 220M
 Heap Max Capacity: 2G
 Pre-touch: Disabled
 Parallel Workers: 13
 Concurrent Workers: 3
 Concurrent Refinement Workers: 13
 Periodic GC: Disabled
Heap:
 garbage-first heap   total 404480K, used 148366K [0x0000000080000000, 0x0000000100000000)
  region size 1024K, 69 young (70656K), 15 survivors (15360K)
 Metaspace       used 54469K, committed 55040K, reserved 1114112K
  class space    used 7208K, committed 7488K, reserved 1048576K
GC Heap History (20 events):
Event: 9.619 GC heap before
{Heap before GC invocations=52 (full 0):
 garbage-first heap   total 336896K, used 273509K [0x0000000080000000, 0x0000000100000000)
  region size 1024K, 197 young (201728K), 12 survivors (12288K)
 Metaspace       used 54421K, committed 54976K, reserved 1114112K
  class space    used 7200K, committed 7488K, reserved 1048576K
}
Event: 9.623 GC heap after
{Heap after GC invocations=53 (full 0):
 garbage-first heap   total 336896K, used 84918K [0x0000000080000000, 0x0000000100000000)
  region size 1024K, 12 young (12288K), 12 survivors (12288K)
 Metaspace       used 54421K, committed 54976K, reserved 1114112K
  class space    used 7200K, committed 7488K, reserved 1048576K
}
Event: 9.768 GC heap before
{Heap before GC invocations=53 (full 0):
 garbage-first heap   total 336896K, used 274358K [0x0000000080000000, 0x0000000100000000)
  region size 1024K, 197 young (201728K), 12 survivors (12288K)
 Metaspace       used 54421K, committed 54976K, reserved 1114112K
  class space    used 7200K, committed 7488K, reserved 1048576K
}
Event: 9.773 GC heap after
{Heap after GC invocations=54 (full 0):
 garbage-first heap   total 336896K, used 86222K [0x0000000080000000, 0x0000000100000000)
  region size 1024K, 13 young (13312K), 13 survivors (13312K)
 Metaspace       used 54421K, committed 54976K, reserved 1114112K
  class space    used 7200K, committed 7488K, reserved 1048576K
}
Event: 9.981 GC heap before
{Heap before GC invocations=54 (full 0):
 garbage-first heap   total 336896K, used 274638K [0x0000000080000000, 0x0000000100000000)
  region size 1024K, 197 young (201728K), 13 survivors (13312K)
 Metaspace       used 54422K, committed 54976K, reserved 1114112K
  class space    used 7200K, committed 7488K, reserved 1048576K
}
Event: 9.986 GC heap after
{Heap after GC invocations=55 (full 0):
 garbage-first heap   total 336896K, used 87134K [0x0000000080000000, 0x0000000100000000)
  region size 1024K, 14 young (14336K), 14 survivors (14336K)
 Metaspace       used 54422K, committed 54976K, reserved 1114112K
  class space    used 7200K, committed 7488K, reserved 1048576K
}
Event: 10.186 GC heap before
{Heap before GC invocations=55 (full 0):
 garbage-first heap   total 336896K, used 274526K [0x0000000080000000, 0x0000000100000000)
  region size 1024K, 197 young (201728K), 14 survivors (14336K)
 Metaspace       used 54428K, committed 54976K, reserved 1114112K
  class space    used 7200K, committed 7488K, reserved 1048576K
}
Event: 10.191 GC heap after
{Heap after GC invocations=56 (full 0):
 garbage-first heap   total 336896K, used 87990K [0x0000000080000000, 0x0000000100000000)
  region size 1024K, 14 young (14336K), 14 survivors (14336K)
 Metaspace       used 54428K, committed 54976K, reserved 1114112K
  class space    used 7200K, committed 7488K, reserved 1048576K
}
Event: 10.401 GC heap before
{Heap before GC invocations=56 (full 0):
 garbage-first heap   total 336896K, used 275382K [0x0000000080000000, 0x0000000100000000)
  region size 1024K, 197 young (201728K), 14 survivors (14336K)
 Metaspace       used 54432K, committed 55040K, reserved 1114112K
  class space    used 7200K, committed 7488K, reserved 1048576K
}
Event: 10.406 GC heap after
{Heap after GC invocations=57 (full 0):
 garbage-first heap   total 336896K, used 89378K [0x0000000080000000, 0x0000000100000000)
  region size 1024K, 14 young (14336K), 14 survivors (14336K)
 Metaspace       used 54432K, committed 55040K, reserved 1114112K
  class space    used 7200K, committed 7488K, reserved 1048576K
}
Event: 10.598 GC heap before
{Heap before GC invocations=57 (full 0):
 garbage-first heap   total 336896K, used 277794K [0x0000000080000000, 0x0000000100000000)
  region size 1024K, 197 young (201728K), 14 survivors (14336K)
 Metaspace       used 54432K, committed 55040K, reserved 1114112K
  class space    used 7200K, committed 7488K, reserved 1048576K
}
Event: 10.604 GC heap after
{Heap after GC invocations=58 (full 0):
 garbage-first heap   total 336896K, used 90457K [0x0000000080000000, 0x0000000100000000)
  region size 1024K, 15 young (15360K), 15 survivors (15360K)
 Metaspace       used 54432K, committed 55040K, reserved 1114112K
  class space    used 7200K, committed 7488K, reserved 1048576K
}
Event: 10.788 GC heap before
{Heap before GC invocations=58 (full 0):
 garbage-first heap   total 336896K, used 276825K [0x0000000080000000, 0x0000000100000000)
  region size 1024K, 197 young (201728K), 15 survivors (15360K)
 Metaspace       used 54432K, committed 55040K, reserved 1114112K
  class space    used 7200K, committed 7488K, reserved 1048576K
}
Event: 10.794 GC heap after
{Heap after GC invocations=59 (full 0):
 garbage-first heap   total 404480K, used 91120K [0x0000000080000000, 0x0000000100000000)
  region size 1024K, 14 young (14336K), 14 survivors (14336K)
 Metaspace       used 54432K, committed 55040K, reserved 1114112K
  class space    used 7200K, committed 7488K, reserved 1048576K
}
Event: 11.036 GC heap before
{Heap before GC invocations=59 (full 0):
 garbage-first heap   total 404480K, used 319472K [0x0000000080000000, 0x0000000100000000)
  region size 1024K, 237 young (242688K), 14 survivors (14336K)
 Metaspace       used 54432K, committed 55040K, reserved 1114112K
  class space    used 7200K, committed 7488K, reserved 1048576K
}
Event: 11.041 GC heap after
{Heap after GC invocations=60 (full 0):
 garbage-first heap   total 404480K, used 91844K [0x0000000080000000, 0x0000000100000000)
  region size 1024K, 14 young (14336K), 14 survivors (14336K)
 Metaspace       used 54432K, committed 55040K, reserved 1114112K
  class space    used 7200K, committed 7488K, reserved 1048576K
}
Event: 11.256 GC heap before
{Heap before GC invocations=60 (full 0):
 garbage-first heap   total 404480K, used 320196K [0x0000000080000000, 0x0000000100000000)
  region size 1024K, 237 young (242688K), 14 survivors (14336K)
 Metaspace       used 54432K, committed 55040K, reserved 1114112K
  class space    used 7200K, committed 7488K, reserved 1048576K
}
Event: 11.262 GC heap after
{Heap after GC invocations=61 (full 0):
 garbage-first heap   total 404480K, used 92883K [0x0000000080000000, 0x0000000100000000)
  region size 1024K, 14 young (14336K), 14 survivors (14336K)
 Metaspace       used 54432K, committed 55040K, reserved 1114112K
  class space    used 7200K, committed 7488K, reserved 1048576K
}
Event: 11.537 GC heap before
{Heap before GC invocations=61 (full 0):
 garbage-first heap   total 404480K, used 321235K [0x0000000080000000, 0x0000000100000000)
  region size 1024K, 237 young (242688K), 14 survivors (14336K)
 Metaspace       used 54469K, committed 55040K, reserved 1114112K
  class space    used 7208K, committed 7488K, reserved 1048576K
}
Event: 11.543 GC heap after
{Heap after GC invocations=62 (full 0):
 garbage-first heap   total 404480K, used 94094K [0x0000000080000000, 0x0000000100000000)
  region size 1024K, 15 young (15360K), 15 survivors (15360K)
 Metaspace       used 54469K, committed 55040K, reserved 1114112K
  class space    used 7208K, committed 7488K, reserved 1048576K
}

