# JRE version: OpenJDK Runtime Environment (17.0.11) (build 17.0.11+0--11852314)
# Java VM: OpenJDK 64-Bit Server VM (17.0.11+0--11852314, mixed mode, tiered, compressed oops, compressed class ptrs, g1 gc, windows-amd64)
GC Precious Log:
 CPUs: 16 total, 16 available
 Memory: 14020M
 Large Page Support: Disabled
 NUMA Support: Disabled
 Compressed Oops: Enabled (32-bit)
 Heap Region Size: 1M
 Heap Min Capacity: 8M
 Heap Initial Capacity: 220M
 Heap Max Capacity: 2G
 Pre-touch: Disabled
 Parallel Workers: 13
 Concurrent Workers: 3
 Concurrent Refinement Workers: 13
 Periodic GC: Disabled
Heap:
 garbage-first heap   total 309248K, used 91865K [0x0000000080000000, 0x0000000100000000)
  region size 1024K, 9 young (9216K), 9 survivors (9216K)
 Metaspace       used 61672K, committed 62208K, reserved 1114112K
  class space    used 8172K, committed 8384K, reserved 1048576K
GC Heap History (20 events):
Event: 26.337 GC heap after
{Heap after GC invocations=74 (full 0):
 garbage-first heap   total 257024K, used 82149K [0x0000000080000000, 0x0000000100000000)
  region size 1024K, 10 young (10240K), 10 survivors (10240K)
 Metaspace       used 58227K, committed 58688K, reserved 1114112K
  class space    used 7820K, committed 8000K, reserved 1048576K
}
Event: 26.574 GC heap before
{Heap before GC invocations=74 (full 0):
 garbage-first heap   total 257024K, used 219365K [0x0000000080000000, 0x0000000100000000)
  region size 1024K, 144 young (147456K), 10 survivors (10240K)
 Metaspace       used 58229K, committed 58688K, reserved 1114112K
  class space    used 7820K, committed 8000K, reserved 1048576K
}
Event: 26.579 GC heap after
{Heap after GC invocations=75 (full 0):
 garbage-first heap   total 257024K, used 83353K [0x0000000080000000, 0x0000000100000000)
  region size 1024K, 10 young (10240K), 10 survivors (10240K)
 Metaspace       used 58229K, committed 58688K, reserved 1114112K
  class space    used 7820K, committed 8000K, reserved 1048576K
}
Event: 26.806 GC heap before
{Heap before GC invocations=75 (full 0):
 garbage-first heap   total 257024K, used 219545K [0x0000000080000000, 0x0000000100000000)
  region size 1024K, 143 young (146432K), 10 survivors (10240K)
 Metaspace       used 58230K, committed 58688K, reserved 1114112K
  class space    used 7820K, committed 8000K, reserved 1048576K
}
Event: 26.813 GC heap after
{Heap after GC invocations=76 (full 0):
 garbage-first heap   total 257024K, used 85562K [0x0000000080000000, 0x0000000100000000)
  region size 1024K, 12 young (12288K), 12 survivors (12288K)
 Metaspace       used 58230K, committed 58688K, reserved 1114112K
  class space    used 7820K, committed 8000K, reserved 1048576K
}
Event: 27.016 GC heap before
{Heap before GC invocations=76 (full 0):
 garbage-first heap   total 257024K, used 216634K [0x0000000080000000, 0x0000000100000000)
  region size 1024K, 140 young (143360K), 12 survivors (12288K)
 Metaspace       used 58230K, committed 58688K, reserved 1114112K
  class space    used 7820K, committed 8000K, reserved 1048576K
}
Event: 27.022 GC heap after
{Heap after GC invocations=77 (full 0):
 garbage-first heap   total 257024K, used 86630K [0x0000000080000000, 0x0000000100000000)
  region size 1024K, 12 young (12288K), 12 survivors (12288K)
 Metaspace       used 58230K, committed 58688K, reserved 1114112K
  class space    used 7820K, committed 8000K, reserved 1048576K
}
Event: 27.192 GC heap before
{Heap before GC invocations=77 (full 0):
 garbage-first heap   total 257024K, used 216678K [0x0000000080000000, 0x0000000100000000)
  region size 1024K, 139 young (142336K), 12 survivors (12288K)
 Metaspace       used 58230K, committed 58688K, reserved 1114112K
  class space    used 7820K, committed 8000K, reserved 1048576K
}
Event: 27.198 GC heap after
{Heap after GC invocations=78 (full 0):
 garbage-first heap   total 257024K, used 87812K [0x0000000080000000, 0x0000000100000000)
  region size 1024K, 11 young (11264K), 11 survivors (11264K)
 Metaspace       used 58230K, committed 58688K, reserved 1114112K
  class space    used 7820K, committed 8000K, reserved 1048576K
}
Event: 27.361 GC heap before
{Heap before GC invocations=78 (full 0):
 garbage-first heap   total 257024K, used 218884K [0x0000000080000000, 0x0000000100000000)
  region size 1024K, 139 young (142336K), 11 survivors (11264K)
 Metaspace       used 58231K, committed 58688K, reserved 1114112K
  class space    used 7820K, committed 8000K, reserved 1048576K
}
Event: 27.367 GC heap after
{Heap after GC invocations=79 (full 0):
 garbage-first heap   total 309248K, used 88713K [0x0000000080000000, 0x0000000100000000)
  region size 1024K, 11 young (11264K), 11 survivors (11264K)
 Metaspace       used 58231K, committed 58688K, reserved 1114112K
  class space    used 7820K, committed 8000K, reserved 1048576K
}
Event: 27.619 GC heap before
{Heap before GC invocations=79 (full 0):
 garbage-first heap   total 309248K, used 262793K [0x0000000080000000, 0x0000000100000000)
  region size 1024K, 181 young (185344K), 11 survivors (11264K)
 Metaspace       used 58237K, committed 58688K, reserved 1114112K
  class space    used 7820K, committed 8000K, reserved 1048576K
}
Event: 27.626 GC heap after
{Heap after GC invocations=80 (full 0):
 garbage-first heap   total 309248K, used 91045K [0x0000000080000000, 0x0000000100000000)
  region size 1024K, 13 young (13312K), 13 survivors (13312K)
 Metaspace       used 58237K, committed 58688K, reserved 1114112K
  class space    used 7820K, committed 8000K, reserved 1048576K
}
Event: 30.457 GC heap before
{Heap before GC invocations=80 (full 0):
 garbage-first heap   total 309248K, used 268197K [0x0000000080000000, 0x0000000100000000)
  region size 1024K, 181 young (185344K), 13 survivors (13312K)
 Metaspace       used 58252K, committed 58688K, reserved 1114112K
  class space    used 7820K, committed 8000K, reserved 1048576K
}
Event: 30.459 GC heap after
{Heap after GC invocations=81 (full 0):
 garbage-first heap   total 309248K, used 84107K [0x0000000080000000, 0x0000000100000000)
  region size 1024K, 6 young (6144K), 6 survivors (6144K)
 Metaspace       used 58252K, committed 58688K, reserved 1114112K
  class space    used 7820K, committed 8000K, reserved 1048576K
}
Event: 30.694 GC heap before
{Heap before GC invocations=81 (full 0):
 garbage-first heap   total 309248K, used 263307K [0x0000000080000000, 0x0000000100000000)
  region size 1024K, 181 young (185344K), 6 survivors (6144K)
 Metaspace       used 58252K, committed 58688K, reserved 1114112K
  class space    used 7820K, committed 8000K, reserved 1048576K
}
Event: 30.707 GC heap after
{Heap after GC invocations=82 (full 0):
 garbage-first heap   total 309248K, used 86343K [0x0000000080000000, 0x0000000100000000)
  region size 1024K, 8 young (8192K), 8 survivors (8192K)
 Metaspace       used 58252K, committed 58688K, reserved 1114112K
  class space    used 7820K, committed 8000K, reserved 1048576K
}
Event: 31.266 GC heap before
{Heap before GC invocations=82 (full 0):
 garbage-first heap   total 309248K, used 268615K [0x0000000080000000, 0x0000000100000000)
  region size 1024K, 181 young (185344K), 8 survivors (8192K)
 Metaspace       used 58309K, committed 58752K, reserved 1114112K
  class space    used 7823K, committed 8000K, reserved 1048576K
}
Event: 31.284 GC heap after
{Heap after GC invocations=83 (full 0):
 garbage-first heap   total 309248K, used 82980K [0x0000000080000000, 0x0000000100000000)
  region size 1024K, 5 young (5120K), 5 survivors (5120K)
 Metaspace       used 58309K, committed 58752K, reserved 1114112K
  class space    used 7823K, committed 8000K, reserved 1048576K
}
Event: 32.054 GC heap before
{Heap before GC invocations=83 (full 0):
 garbage-first heap   total 309248K, used 269348K [0x0000000080000000, 0x0000000100000000)
  region size 1024K, 181 young (185344K), 5 survivors (5120K)
 Metaspace       used 61672K, committed 62208K, reserved 1114112K
  class space    used 8172K, committed 8384K, reserved 1048576K
}

